{"C:\\Users\\anaos\\Documents\\tfg\\repos\\tfg_users\\src\\controllers\\auth.controller.ts": {"path":"C:\\Users\\anaos\\Documents\\tfg\\repos\\tfg_users\\src\\controllers\\auth.controller.ts","statementMap":{"0":{"start":{"line":2,"column":0},"end":{"line":2,"column":51}},"1":{"start":{"line":3,"column":0},"end":{"line":3,"column":38}},"2":{"start":{"line":5,"column":24},"end":{"line":21,"column":2}},"3":{"start":{"line":5,"column":62},"end":{"line":21,"column":2}},"4":{"start":{"line":6,"column":4},"end":{"line":20,"column":5}},"5":{"start":{"line":7,"column":53},"end":{"line":7,"column":61}},"6":{"start":{"line":8,"column":32},"end":{"line":8,"column":92}},"7":{"start":{"line":10,"column":8},"end":{"line":13,"column":11}},"8":{"start":{"line":15,"column":8},"end":{"line":15,"column":60}},"9":{"start":{"line":16,"column":8},"end":{"line":19,"column":11}},"10":{"start":{"line":5,"column":13},"end":{"line":5,"column":24}},"11":{"start":{"line":23,"column":21},"end":{"line":39,"column":2}},"12":{"start":{"line":23,"column":59},"end":{"line":39,"column":2}},"13":{"start":{"line":24,"column":4},"end":{"line":38,"column":5}},"14":{"start":{"line":25,"column":36},"end":{"line":25,"column":44}},"15":{"start":{"line":26,"column":32},"end":{"line":26,"column":72}},"16":{"start":{"line":28,"column":8},"end":{"line":31,"column":11}},"17":{"start":{"line":33,"column":8},"end":{"line":33,"column":57}},"18":{"start":{"line":34,"column":8},"end":{"line":37,"column":11}},"19":{"start":{"line":23,"column":13},"end":{"line":23,"column":21}},"20":{"start":{"line":41,"column":31},"end":{"line":47,"column":2}},"21":{"start":{"line":41,"column":69},"end":{"line":47,"column":2}},"22":{"start":{"line":42,"column":4},"end":{"line":46,"column":7}},"23":{"start":{"line":41,"column":13},"end":{"line":41,"column":31}}},"fnMap":{"0":{"name":"(anonymous_8)","decl":{"start":{"line":5,"column":24},"end":{"line":5,"column":31}},"loc":{"start":{"line":5,"column":62},"end":{"line":21,"column":2}}},"1":{"name":"(anonymous_9)","decl":{"start":{"line":5,"column":62},"end":{"line":5,"column":null}},"loc":{"start":{"line":5,"column":62},"end":{"line":21,"column":1}}},"2":{"name":"(anonymous_10)","decl":{"start":{"line":23,"column":21},"end":{"line":23,"column":28}},"loc":{"start":{"line":23,"column":59},"end":{"line":39,"column":2}}},"3":{"name":"(anonymous_11)","decl":{"start":{"line":23,"column":59},"end":{"line":23,"column":null}},"loc":{"start":{"line":23,"column":59},"end":{"line":39,"column":1}}},"4":{"name":"(anonymous_12)","decl":{"start":{"line":41,"column":31},"end":{"line":41,"column":38}},"loc":{"start":{"line":41,"column":69},"end":{"line":47,"column":2}}},"5":{"name":"(anonymous_13)","decl":{"start":{"line":41,"column":69},"end":{"line":41,"column":null}},"loc":{"start":{"line":41,"column":69},"end":{"line":47,"column":1}}}},"branchMap":{},"s":{"0":1,"1":1,"2":1,"3":7,"4":7,"5":7,"6":7,"7":5,"8":2,"9":2,"10":1,"11":1,"12":3,"13":3,"14":3,"15":3,"16":1,"17":2,"18":2,"19":1,"20":1,"21":1,"22":1,"23":1},"f":{"0":7,"1":7,"2":3,"3":3,"4":1,"5":1},"b":{}}
,"C:\\Users\\anaos\\Documents\\tfg\\repos\\tfg_users\\src\\controllers\\permission.controller.ts": {"path":"C:\\Users\\anaos\\Documents\\tfg\\repos\\tfg_users\\src\\controllers\\permission.controller.ts","statementMap":{"0":{"start":{"line":2,"column":0},"end":{"line":2,"column":63}},"1":{"start":{"line":3,"column":0},"end":{"line":3,"column":38}},"2":{"start":{"line":6,"column":33},"end":{"line":28,"column":2}},"3":{"start":{"line":6,"column":71},"end":{"line":28,"column":2}},"4":{"start":{"line":7,"column":4},"end":{"line":27,"column":5}},"5":{"start":{"line":8,"column":62},"end":{"line":8,"column":70}},"6":{"start":{"line":10,"column":23},"end":{"line":14,"column":null}},"7":{"start":{"line":17,"column":8},"end":{"line":20,"column":11}},"8":{"start":{"line":22,"column":8},"end":{"line":22,"column":68}},"9":{"start":{"line":23,"column":8},"end":{"line":26,"column":11}},"10":{"start":{"line":6,"column":13},"end":{"line":6,"column":33}},"11":{"start":{"line":30,"column":33},"end":{"line":51,"column":2}},"12":{"start":{"line":30,"column":71},"end":{"line":51,"column":2}},"13":{"start":{"line":31,"column":4},"end":{"line":50,"column":5}},"14":{"start":{"line":32,"column":58},"end":{"line":32,"column":66}},"15":{"start":{"line":34,"column":23},"end":{"line":37,"column":null}},"16":{"start":{"line":40,"column":8},"end":{"line":43,"column":11}},"17":{"start":{"line":45,"column":8},"end":{"line":45,"column":68}},"18":{"start":{"line":46,"column":8},"end":{"line":49,"column":11}},"19":{"start":{"line":30,"column":13},"end":{"line":30,"column":33}},"20":{"start":{"line":53,"column":34},"end":{"line":70,"column":2}},"21":{"start":{"line":53,"column":72},"end":{"line":70,"column":2}},"22":{"start":{"line":54,"column":4},"end":{"line":69,"column":5}},"23":{"start":{"line":55,"column":37},"end":{"line":55,"column":47}},"24":{"start":{"line":57,"column":28},"end":{"line":57,"column":88}},"25":{"start":{"line":59,"column":8},"end":{"line":62,"column":11}},"26":{"start":{"line":64,"column":8},"end":{"line":64,"column":80}},"27":{"start":{"line":65,"column":8},"end":{"line":68,"column":11}},"28":{"start":{"line":53,"column":13},"end":{"line":53,"column":34}},"29":{"start":{"line":72,"column":34},"end":{"line":89,"column":2}},"30":{"start":{"line":72,"column":72},"end":{"line":89,"column":2}},"31":{"start":{"line":73,"column":4},"end":{"line":88,"column":5}},"32":{"start":{"line":74,"column":26},"end":{"line":74,"column":35}},"33":{"start":{"line":76,"column":22},"end":{"line":76,"column":81}},"34":{"start":{"line":78,"column":8},"end":{"line":81,"column":11}},"35":{"start":{"line":83,"column":8},"end":{"line":83,"column":77}},"36":{"start":{"line":84,"column":8},"end":{"line":87,"column":11}},"37":{"start":{"line":72,"column":13},"end":{"line":72,"column":34}}},"fnMap":{"0":{"name":"(anonymous_8)","decl":{"start":{"line":6,"column":33},"end":{"line":6,"column":40}},"loc":{"start":{"line":6,"column":71},"end":{"line":28,"column":2}}},"1":{"name":"(anonymous_9)","decl":{"start":{"line":6,"column":71},"end":{"line":6,"column":null}},"loc":{"start":{"line":6,"column":71},"end":{"line":28,"column":1}}},"2":{"name":"(anonymous_10)","decl":{"start":{"line":30,"column":33},"end":{"line":30,"column":40}},"loc":{"start":{"line":30,"column":71},"end":{"line":51,"column":2}}},"3":{"name":"(anonymous_11)","decl":{"start":{"line":30,"column":71},"end":{"line":30,"column":null}},"loc":{"start":{"line":30,"column":71},"end":{"line":51,"column":1}}},"4":{"name":"(anonymous_12)","decl":{"start":{"line":53,"column":34},"end":{"line":53,"column":41}},"loc":{"start":{"line":53,"column":72},"end":{"line":70,"column":2}}},"5":{"name":"(anonymous_13)","decl":{"start":{"line":53,"column":72},"end":{"line":53,"column":null}},"loc":{"start":{"line":53,"column":72},"end":{"line":70,"column":1}}},"6":{"name":"(anonymous_14)","decl":{"start":{"line":72,"column":34},"end":{"line":72,"column":41}},"loc":{"start":{"line":72,"column":72},"end":{"line":89,"column":2}}},"7":{"name":"(anonymous_15)","decl":{"start":{"line":72,"column":72},"end":{"line":72,"column":null}},"loc":{"start":{"line":72,"column":72},"end":{"line":89,"column":1}}}},"branchMap":{},"s":{"0":1,"1":1,"2":1,"3":0,"4":0,"5":0,"6":0,"7":0,"8":0,"9":0,"10":1,"11":1,"12":0,"13":0,"14":0,"15":0,"16":0,"17":0,"18":0,"19":1,"20":1,"21":0,"22":0,"23":0,"24":0,"25":0,"26":0,"27":0,"28":1,"29":1,"30":0,"31":0,"32":0,"33":0,"34":0,"35":0,"36":0,"37":1},"f":{"0":0,"1":0,"2":0,"3":0,"4":0,"5":0,"6":0,"7":0},"b":{}}
,"C:\\Users\\anaos\\Documents\\tfg\\repos\\tfg_users\\src\\routes\\auth.routes.ts": {"path":"C:\\Users\\anaos\\Documents\\tfg\\repos\\tfg_users\\src\\routes\\auth.routes.ts","statementMap":{"0":{"start":{"line":1,"column":0},"end":{"line":1,"column":33}},"1":{"start":{"line":2,"column":0},"end":{"line":2,"column":82}},"2":{"start":{"line":3,"column":0},"end":{"line":3,"column":62}},"3":{"start":{"line":5,"column":15},"end":{"line":5,"column":23}},"4":{"start":{"line":60,"column":0},"end":{"line":60,"column":35}},"5":{"start":{"line":112,"column":0},"end":{"line":112,"column":29}},"6":{"start":{"line":149,"column":0},"end":{"line":149,"column":null}},"7":{"start":{"line":151,"column":0},"end":{"line":151,"column":22}}},"fnMap":{},"branchMap":{},"s":{"0":1,"1":1,"2":1,"3":1,"4":1,"5":1,"6":1,"7":1},"f":{},"b":{}}
,"C:\\Users\\anaos\\Documents\\tfg\\repos\\tfg_users\\src\\routes\\permission.routes.ts": {"path":"C:\\Users\\anaos\\Documents\\tfg\\repos\\tfg_users\\src\\routes\\permission.routes.ts","statementMap":{"0":{"start":{"line":1,"column":0},"end":{"line":1,"column":33}},"1":{"start":{"line":2,"column":0},"end":{"line":2,"column":62}},"2":{"start":{"line":3,"column":0},"end":{"line":3,"column":132}},"3":{"start":{"line":5,"column":15},"end":{"line":5,"column":23}},"4":{"start":{"line":6,"column":0},"end":{"line":6,"column":25}},"5":{"start":{"line":48,"column":0},"end":{"line":48,"column":48}},"6":{"start":{"line":83,"column":0},"end":{"line":83,"column":47}},"7":{"start":{"line":146,"column":0},"end":{"line":146,"column":64}},"8":{"start":{"line":201,"column":0},"end":{"line":201,"column":74}},"9":{"start":{"line":203,"column":0},"end":{"line":203,"column":22}}},"fnMap":{},"branchMap":{},"s":{"0":1,"1":1,"2":1,"3":1,"4":1,"5":1,"6":1,"7":1,"8":1,"9":1},"f":{},"b":{}}
,"C:\\Users\\anaos\\Documents\\tfg\\repos\\tfg_users\\src\\services\\auth.service.ts": {"path":"C:\\Users\\anaos\\Documents\\tfg\\repos\\tfg_users\\src\\services\\auth.service.ts","statementMap":{"0":{"start":{"line":1,"column":0},"end":{"line":1,"column":40}},"1":{"start":{"line":2,"column":0},"end":{"line":2,"column":46}},"2":{"start":{"line":3,"column":0},"end":{"line":3,"column":57}},"3":{"start":{"line":4,"column":0},"end":{"line":4,"column":38}},"4":{"start":{"line":9,"column":8},"end":{"line":9,"column":73}},"5":{"start":{"line":11,"column":8},"end":{"line":14,"column":9}},"6":{"start":{"line":12,"column":12},"end":{"line":12,"column":68}},"7":{"start":{"line":13,"column":12},"end":{"line":13,"column":65}},"8":{"start":{"line":16,"column":8},"end":{"line":19,"column":9}},"9":{"start":{"line":17,"column":12},"end":{"line":17,"column":53}},"10":{"start":{"line":18,"column":12},"end":{"line":18,"column":85}},"11":{"start":{"line":21,"column":8},"end":{"line":24,"column":9}},"12":{"start":{"line":22,"column":12},"end":{"line":22,"column":71}},"13":{"start":{"line":23,"column":12},"end":{"line":23,"column":60}},"14":{"start":{"line":26,"column":29},"end":{"line":26,"column":58}},"15":{"start":{"line":27,"column":8},"end":{"line":30,"column":9}},"16":{"start":{"line":28,"column":12},"end":{"line":28,"column":77}},"17":{"start":{"line":29,"column":12},"end":{"line":29,"column":68}},"18":{"start":{"line":32,"column":21},"end":{"line":37,"column":10}},"19":{"start":{"line":39,"column":8},"end":{"line":39,"column":86}},"20":{"start":{"line":41,"column":22},"end":{"line":41,"column":68}},"21":{"start":{"line":42,"column":8},"end":{"line":42,"column":78}},"22":{"start":{"line":44,"column":8},"end":{"line":44,"column":31}},"23":{"start":{"line":48,"column":8},"end":{"line":48,"column":62}},"24":{"start":{"line":50,"column":8},"end":{"line":53,"column":9}},"25":{"start":{"line":51,"column":12},"end":{"line":51,"column":65}},"26":{"start":{"line":52,"column":12},"end":{"line":52,"column":80}},"27":{"start":{"line":55,"column":21},"end":{"line":55,"column":50}},"28":{"start":{"line":56,"column":8},"end":{"line":59,"column":9}},"29":{"start":{"line":57,"column":12},"end":{"line":57,"column":78}},"30":{"start":{"line":58,"column":12},"end":{"line":58,"column":53}},"31":{"start":{"line":61,"column":24},"end":{"line":61,"column":60}},"32":{"start":{"line":62,"column":8},"end":{"line":65,"column":9}},"33":{"start":{"line":63,"column":12},"end":{"line":63,"column":72}},"34":{"start":{"line":64,"column":12},"end":{"line":64,"column":54}},"35":{"start":{"line":67,"column":8},"end":{"line":67,"column":82}},"36":{"start":{"line":68,"column":22},"end":{"line":68,"column":68}},"37":{"start":{"line":69,"column":8},"end":{"line":69,"column":31}},"38":{"start":{"line":73,"column":0},"end":{"line":73,"column":33}}},"fnMap":{"0":{"name":"(anonymous_8)","decl":{"start":{"line":8,"column":10},"end":{"line":8,"column":18}},"loc":{"start":{"line":8,"column":75},"end":{"line":45,"column":null}}},"1":{"name":"(anonymous_10)","decl":{"start":{"line":47,"column":10},"end":{"line":47,"column":15}},"loc":{"start":{"line":47,"column":47},"end":{"line":70,"column":null}}}},"branchMap":{"0":{"loc":{"start":{"line":11,"column":8},"end":{"line":14,"column":9}},"type":"if","locations":[{"start":{"line":11,"column":8},"end":{"line":14,"column":9}}]},"1":{"loc":{"start":{"line":11,"column":12},"end":{"line":11,"column":51}},"type":"binary-expr","locations":[{"start":{"line":11,"column":12},"end":{"line":11,"column":18}},{"start":{"line":11,"column":22},"end":{"line":11,"column":31}},{"start":{"line":11,"column":35},"end":{"line":11,"column":51}}]},"2":{"loc":{"start":{"line":16,"column":8},"end":{"line":19,"column":9}},"type":"if","locations":[{"start":{"line":16,"column":8},"end":{"line":19,"column":9}}]},"3":{"loc":{"start":{"line":21,"column":8},"end":{"line":24,"column":9}},"type":"if","locations":[{"start":{"line":21,"column":8},"end":{"line":24,"column":9}}]},"4":{"loc":{"start":{"line":27,"column":8},"end":{"line":30,"column":9}},"type":"if","locations":[{"start":{"line":27,"column":8},"end":{"line":30,"column":9}}]},"5":{"loc":{"start":{"line":50,"column":8},"end":{"line":53,"column":9}},"type":"if","locations":[{"start":{"line":50,"column":8},"end":{"line":53,"column":9}}]},"6":{"loc":{"start":{"line":50,"column":12},"end":{"line":50,"column":31}},"type":"binary-expr","locations":[{"start":{"line":50,"column":12},"end":{"line":50,"column":18}},{"start":{"line":50,"column":22},"end":{"line":50,"column":31}}]},"7":{"loc":{"start":{"line":56,"column":8},"end":{"line":59,"column":9}},"type":"if","locations":[{"start":{"line":56,"column":8},"end":{"line":59,"column":9}}]},"8":{"loc":{"start":{"line":62,"column":8},"end":{"line":65,"column":9}},"type":"if","locations":[{"start":{"line":62,"column":8},"end":{"line":65,"column":9}}]}},"s":{"0":2,"1":2,"2":2,"3":2,"4":11,"5":11,"6":1,"7":1,"8":10,"9":1,"10":1,"11":9,"12":2,"13":2,"14":7,"15":7,"16":2,"17":2,"18":5,"19":5,"20":5,"21":5,"22":5,"23":7,"24":7,"25":1,"26":1,"27":6,"28":6,"29":2,"30":2,"31":4,"32":4,"33":2,"34":2,"35":2,"36":2,"37":2,"38":2},"f":{"0":11,"1":7},"b":{"0":[1],"1":[11,10,10],"2":[1],"3":[2],"4":[2],"5":[1],"6":[7,6],"7":[2],"8":[2]}}
,"C:\\Users\\anaos\\Documents\\tfg\\repos\\tfg_users\\src\\services\\permission.service.ts": {"path":"C:\\Users\\anaos\\Documents\\tfg\\repos\\tfg_users\\src\\services\\permission.service.ts","statementMap":{"0":{"start":{"line":1,"column":0},"end":{"line":1,"column":52}},"1":{"start":{"line":2,"column":0},"end":{"line":2,"column":40}},"2":{"start":{"line":4,"column":0},"end":{"line":4,"column":38}},"3":{"start":{"line":13,"column":8},"end":{"line":13,"column":108}},"4":{"start":{"line":15,"column":21},"end":{"line":15,"column":48}},"5":{"start":{"line":16,"column":8},"end":{"line":19,"column":9}},"6":{"start":{"line":17,"column":12},"end":{"line":17,"column":84}},"7":{"start":{"line":18,"column":12},"end":{"line":18,"column":53}},"8":{"start":{"line":21,"column":25},"end":{"line":21,"column":56}},"9":{"start":{"line":22,"column":8},"end":{"line":25,"column":9}},"10":{"start":{"line":23,"column":12},"end":{"line":23,"column":70}},"11":{"start":{"line":24,"column":12},"end":{"line":24,"column":63}},"12":{"start":{"line":27,"column":25},"end":{"line":27,"column":71}},"13":{"start":{"line":29,"column":8},"end":{"line":41,"column":9}},"14":{"start":{"line":30,"column":12},"end":{"line":30,"column":93}},"15":{"start":{"line":31,"column":12},"end":{"line":31,"column":95}},"16":{"start":{"line":32,"column":12},"end":{"line":32,"column":46}},"17":{"start":{"line":34,"column":12},"end":{"line":34,"column":52}},"18":{"start":{"line":35,"column":12},"end":{"line":40,"column":15}},"19":{"start":{"line":43,"column":8},"end":{"line":43,"column":32}},"20":{"start":{"line":44,"column":8},"end":{"line":44,"column":78}},"21":{"start":{"line":46,"column":8},"end":{"line":46,"column":26}},"22":{"start":{"line":54,"column":8},"end":{"line":54,"column":83}},"23":{"start":{"line":56,"column":27},"end":{"line":56,"column":73}},"24":{"start":{"line":58,"column":8},"end":{"line":61,"column":9}},"25":{"start":{"line":59,"column":12},"end":{"line":59,"column":107}},"26":{"start":{"line":60,"column":12},"end":{"line":60,"column":55}},"27":{"start":{"line":63,"column":8},"end":{"line":65,"column":10}},"28":{"start":{"line":64,"column":20},"end":{"line":64,"column":73}},"29":{"start":{"line":67,"column":8},"end":{"line":71,"column":9}},"30":{"start":{"line":68,"column":12},"end":{"line":68,"column":96}},"31":{"start":{"line":69,"column":12},"end":{"line":69,"column":64}},"32":{"start":{"line":70,"column":12},"end":{"line":70,"column":24}},"33":{"start":{"line":73,"column":8},"end":{"line":73,"column":42}},"34":{"start":{"line":74,"column":8},"end":{"line":74,"column":32}},"35":{"start":{"line":75,"column":8},"end":{"line":75,"column":89}},"36":{"start":{"line":77,"column":8},"end":{"line":77,"column":26}},"37":{"start":{"line":81,"column":8},"end":{"line":81,"column":89}},"38":{"start":{"line":82,"column":27},"end":{"line":82,"column":73}},"39":{"start":{"line":83,"column":8},"end":{"line":83,"column":56}},"40":{"start":{"line":87,"column":8},"end":{"line":87,"column":62}},"41":{"start":{"line":88,"column":22},"end":{"line":90,"column":30}},"42":{"start":{"line":92,"column":8},"end":{"line":92,"column":62}},"43":{"start":{"line":93,"column":8},"end":{"line":93,"column":21}},"44":{"start":{"line":97,"column":0},"end":{"line":97,"column":39}}},"fnMap":{"0":{"name":"(anonymous_8)","decl":{"start":{"line":7,"column":10},"end":{"line":7,"column":27}},"loc":{"start":{"line":11,"column":37},"end":{"line":47,"column":null}}},"1":{"name":"(anonymous_10)","decl":{"start":{"line":49,"column":10},"end":{"line":49,"column":27}},"loc":{"start":{"line":52,"column":45},"end":{"line":78,"column":null}}},"2":{"name":"(anonymous_12)","decl":{"start":{"line":64,"column":12},"end":{"line":64,"column":16}},"loc":{"start":{"line":64,"column":20},"end":{"line":64,"column":73}}},"3":{"name":"(anonymous_13)","decl":{"start":{"line":80,"column":10},"end":{"line":80,"column":28}},"loc":{"start":{"line":80,"column":61},"end":{"line":84,"column":null}}},"4":{"name":"(anonymous_15)","decl":{"start":{"line":86,"column":10},"end":{"line":86,"column":28}},"loc":{"start":{"line":86,"column":42},"end":{"line":94,"column":null}}}},"branchMap":{"0":{"loc":{"start":{"line":16,"column":8},"end":{"line":19,"column":9}},"type":"if","locations":[{"start":{"line":16,"column":8},"end":{"line":19,"column":9}}]},"1":{"loc":{"start":{"line":22,"column":8},"end":{"line":25,"column":9}},"type":"if","locations":[{"start":{"line":22,"column":8},"end":{"line":25,"column":9}}]},"2":{"loc":{"start":{"line":29,"column":8},"end":{"line":41,"column":9}},"type":"if","locations":[{"start":{"line":29,"column":8},"end":{"line":41,"column":9}},{"start":{"line":33,"column":15},"end":{"line":41,"column":9}}]},"3":{"loc":{"start":{"line":58,"column":8},"end":{"line":61,"column":9}},"type":"if","locations":[{"start":{"line":58,"column":8},"end":{"line":61,"column":9}}]},"4":{"loc":{"start":{"line":67,"column":8},"end":{"line":71,"column":9}},"type":"if","locations":[{"start":{"line":67,"column":8},"end":{"line":71,"column":9}}]},"5":{"loc":{"start":{"line":83,"column":15},"end":{"line":83,"column":55}},"type":"cond-expr","locations":[{"start":{"line":83,"column":28},"end":{"line":83,"column":50}},{"start":{"line":83,"column":53},"end":{"line":83,"column":55}}]}},"s":{"0":1,"1":1,"2":1,"3":0,"4":0,"5":0,"6":0,"7":0,"8":0,"9":0,"10":0,"11":0,"12":0,"13":0,"14":0,"15":0,"16":0,"17":0,"18":0,"19":0,"20":0,"21":0,"22":0,"23":0,"24":0,"25":0,"26":0,"27":0,"28":0,"29":0,"30":0,"31":0,"32":0,"33":0,"34":0,"35":0,"36":0,"37":0,"38":0,"39":0,"40":0,"41":0,"42":0,"43":0,"44":1},"f":{"0":0,"1":0,"2":0,"3":0,"4":0},"b":{"0":[0],"1":[0],"2":[0,0],"3":[0],"4":[0],"5":[0,0]}}
}
