{"C:\\Users\\anaos\\Documents\\tfg\\repos\\tfg_users\\src\\controllers\\auth.controller.ts": {"path":"C:\\Users\\anaos\\Documents\\tfg\\repos\\tfg_users\\src\\controllers\\auth.controller.ts","statementMap":{"0":{"start":{"line":2,"column":0},"end":{"line":2,"column":51}},"1":{"start":{"line":3,"column":0},"end":{"line":3,"column":38}},"2":{"start":{"line":4,"column":0},"end":{"line":4,"column":57}},"3":{"start":{"line":6,"column":24},"end":{"line":44,"column":2}},"4":{"start":{"line":6,"column":62},"end":{"line":44,"column":2}},"5":{"start":{"line":7,"column":4},"end":{"line":43,"column":5}},"6":{"start":{"line":8,"column":53},"end":{"line":8,"column":61}},"7":{"start":{"line":10,"column":8},"end":{"line":13,"column":9}},"8":{"start":{"line":11,"column":12},"end":{"line":11,"column":68}},"9":{"start":{"line":12,"column":12},"end":{"line":12,"column":65}},"10":{"start":{"line":15,"column":8},"end":{"line":18,"column":9}},"11":{"start":{"line":16,"column":12},"end":{"line":16,"column":53}},"12":{"start":{"line":17,"column":12},"end":{"line":17,"column":85}},"13":{"start":{"line":20,"column":8},"end":{"line":23,"column":9}},"14":{"start":{"line":21,"column":12},"end":{"line":21,"column":71}},"15":{"start":{"line":22,"column":12},"end":{"line":22,"column":60}},"16":{"start":{"line":25,"column":29},"end":{"line":25,"column":68}},"17":{"start":{"line":26,"column":8},"end":{"line":29,"column":9}},"18":{"start":{"line":27,"column":12},"end":{"line":27,"column":77}},"19":{"start":{"line":28,"column":12},"end":{"line":28,"column":68}},"20":{"start":{"line":31,"column":32},"end":{"line":31,"column":92}},"21":{"start":{"line":33,"column":8},"end":{"line":36,"column":11}},"22":{"start":{"line":38,"column":8},"end":{"line":38,"column":60}},"23":{"start":{"line":39,"column":8},"end":{"line":42,"column":11}},"24":{"start":{"line":6,"column":13},"end":{"line":6,"column":24}},"25":{"start":{"line":46,"column":21},"end":{"line":62,"column":2}},"26":{"start":{"line":46,"column":59},"end":{"line":62,"column":2}},"27":{"start":{"line":47,"column":4},"end":{"line":61,"column":5}},"28":{"start":{"line":48,"column":36},"end":{"line":48,"column":44}},"29":{"start":{"line":49,"column":32},"end":{"line":49,"column":72}},"30":{"start":{"line":51,"column":8},"end":{"line":54,"column":11}},"31":{"start":{"line":56,"column":8},"end":{"line":56,"column":57}},"32":{"start":{"line":57,"column":8},"end":{"line":60,"column":11}},"33":{"start":{"line":46,"column":13},"end":{"line":46,"column":21}},"34":{"start":{"line":64,"column":31},"end":{"line":70,"column":2}},"35":{"start":{"line":64,"column":69},"end":{"line":70,"column":2}},"36":{"start":{"line":65,"column":4},"end":{"line":69,"column":7}},"37":{"start":{"line":64,"column":13},"end":{"line":64,"column":31}}},"fnMap":{"0":{"name":"(anonymous_8)","decl":{"start":{"line":6,"column":24},"end":{"line":6,"column":31}},"loc":{"start":{"line":6,"column":62},"end":{"line":44,"column":2}}},"1":{"name":"(anonymous_9)","decl":{"start":{"line":6,"column":62},"end":{"line":6,"column":null}},"loc":{"start":{"line":6,"column":62},"end":{"line":44,"column":1}}},"2":{"name":"(anonymous_10)","decl":{"start":{"line":46,"column":21},"end":{"line":46,"column":28}},"loc":{"start":{"line":46,"column":59},"end":{"line":62,"column":2}}},"3":{"name":"(anonymous_11)","decl":{"start":{"line":46,"column":59},"end":{"line":46,"column":null}},"loc":{"start":{"line":46,"column":59},"end":{"line":62,"column":1}}},"4":{"name":"(anonymous_12)","decl":{"start":{"line":64,"column":31},"end":{"line":64,"column":38}},"loc":{"start":{"line":64,"column":69},"end":{"line":70,"column":2}}},"5":{"name":"(anonymous_13)","decl":{"start":{"line":64,"column":69},"end":{"line":64,"column":null}},"loc":{"start":{"line":64,"column":69},"end":{"line":70,"column":1}}}},"branchMap":{"0":{"loc":{"start":{"line":10,"column":8},"end":{"line":13,"column":9}},"type":"if","locations":[{"start":{"line":10,"column":8},"end":{"line":13,"column":9}}]},"1":{"loc":{"start":{"line":10,"column":12},"end":{"line":10,"column":51}},"type":"binary-expr","locations":[{"start":{"line":10,"column":12},"end":{"line":10,"column":18}},{"start":{"line":10,"column":22},"end":{"line":10,"column":31}},{"start":{"line":10,"column":35},"end":{"line":10,"column":51}}]},"2":{"loc":{"start":{"line":15,"column":8},"end":{"line":18,"column":9}},"type":"if","locations":[{"start":{"line":15,"column":8},"end":{"line":18,"column":9}}]},"3":{"loc":{"start":{"line":20,"column":8},"end":{"line":23,"column":9}},"type":"if","locations":[{"start":{"line":20,"column":8},"end":{"line":23,"column":9}}]},"4":{"loc":{"start":{"line":26,"column":8},"end":{"line":29,"column":9}},"type":"if","locations":[{"start":{"line":26,"column":8},"end":{"line":29,"column":9}}]}},"s":{"0":2,"1":2,"2":2,"3":2,"4":7,"5":7,"6":7,"7":7,"8":0,"9":0,"10":7,"11":0,"12":0,"13":7,"14":1,"15":1,"16":6,"17":6,"18":1,"19":1,"20":5,"21":5,"22":2,"23":2,"24":2,"25":2,"26":3,"27":3,"28":3,"29":3,"30":1,"31":2,"32":2,"33":2,"34":2,"35":1,"36":1,"37":2},"f":{"0":7,"1":7,"2":3,"3":3,"4":1,"5":1},"b":{"0":[0],"1":[7,7,7],"2":[0],"3":[1],"4":[1]}}
,"C:\\Users\\anaos\\Documents\\tfg\\repos\\tfg_users\\src\\controllers\\permission.controller.ts": {"path":"C:\\Users\\anaos\\Documents\\tfg\\repos\\tfg_users\\src\\controllers\\permission.controller.ts","statementMap":{"0":{"start":{"line":2,"column":0},"end":{"line":2,"column":63}},"1":{"start":{"line":3,"column":0},"end":{"line":3,"column":38}},"2":{"start":{"line":4,"column":0},"end":{"line":4,"column":68}},"3":{"start":{"line":5,"column":0},"end":{"line":5,"column":51}},"4":{"start":{"line":7,"column":33},"end":{"line":49,"column":2}},"5":{"start":{"line":7,"column":71},"end":{"line":49,"column":2}},"6":{"start":{"line":8,"column":4},"end":{"line":48,"column":5}},"7":{"start":{"line":9,"column":50},"end":{"line":9,"column":58}},"8":{"start":{"line":11,"column":8},"end":{"line":11,"column":151}},"9":{"start":{"line":13,"column":8},"end":{"line":16,"column":9}},"10":{"start":{"line":14,"column":12},"end":{"line":14,"column":74}},"11":{"start":{"line":15,"column":12},"end":{"line":15,"column":77}},"12":{"start":{"line":18,"column":35},"end":{"line":19,"column":null}},"13":{"start":{"line":19,"column":22},"end":{"line":19,"column":73}},"14":{"start":{"line":22,"column":29},"end":{"line":22,"column":69}},"15":{"start":{"line":23,"column":8},"end":{"line":26,"column":9}},"16":{"start":{"line":24,"column":12},"end":{"line":24,"column":61}},"17":{"start":{"line":25,"column":12},"end":{"line":25,"column":53}},"18":{"start":{"line":28,"column":8},"end":{"line":28,"column":56}},"19":{"start":{"line":31,"column":23},"end":{"line":35,"column":null}},"20":{"start":{"line":38,"column":8},"end":{"line":41,"column":11}},"21":{"start":{"line":43,"column":8},"end":{"line":43,"column":68}},"22":{"start":{"line":44,"column":8},"end":{"line":47,"column":11}},"23":{"start":{"line":7,"column":13},"end":{"line":7,"column":33}},"24":{"start":{"line":51,"column":33},"end":{"line":77,"column":2}},"25":{"start":{"line":51,"column":71},"end":{"line":77,"column":2}},"26":{"start":{"line":52,"column":4},"end":{"line":76,"column":5}},"27":{"start":{"line":53,"column":58},"end":{"line":53,"column":66}},"28":{"start":{"line":55,"column":8},"end":{"line":58,"column":9}},"29":{"start":{"line":56,"column":12},"end":{"line":56,"column":74}},"30":{"start":{"line":57,"column":12},"end":{"line":57,"column":77}},"31":{"start":{"line":60,"column":23},"end":{"line":63,"column":null}},"32":{"start":{"line":66,"column":8},"end":{"line":69,"column":11}},"33":{"start":{"line":71,"column":8},"end":{"line":71,"column":68}},"34":{"start":{"line":72,"column":8},"end":{"line":75,"column":11}},"35":{"start":{"line":51,"column":13},"end":{"line":51,"column":33}},"36":{"start":{"line":79,"column":34},"end":{"line":96,"column":2}},"37":{"start":{"line":79,"column":72},"end":{"line":96,"column":2}},"38":{"start":{"line":80,"column":4},"end":{"line":95,"column":5}},"39":{"start":{"line":81,"column":37},"end":{"line":81,"column":47}},"40":{"start":{"line":83,"column":28},"end":{"line":83,"column":88}},"41":{"start":{"line":85,"column":8},"end":{"line":88,"column":11}},"42":{"start":{"line":90,"column":8},"end":{"line":90,"column":80}},"43":{"start":{"line":91,"column":8},"end":{"line":94,"column":11}},"44":{"start":{"line":79,"column":13},"end":{"line":79,"column":34}},"45":{"start":{"line":98,"column":34},"end":{"line":123,"column":2}},"46":{"start":{"line":98,"column":72},"end":{"line":123,"column":2}},"47":{"start":{"line":99,"column":4},"end":{"line":122,"column":5}},"48":{"start":{"line":101,"column":51},"end":{"line":101,"column":60}},"49":{"start":{"line":104,"column":24},"end":{"line":104,"column":57}},"50":{"start":{"line":105,"column":28},"end":{"line":105,"column":66}},"51":{"start":{"line":108,"column":23},"end":{"line":112,"column":10}},"52":{"start":{"line":115,"column":8},"end":{"line":115,"column":37}},"53":{"start":{"line":117,"column":8},"end":{"line":117,"column":77}},"54":{"start":{"line":118,"column":8},"end":{"line":121,"column":11}},"55":{"start":{"line":98,"column":13},"end":{"line":98,"column":34}},"56":{"start":{"line":125,"column":42},"end":{"line":147,"column":2}},"57":{"start":{"line":125,"column":80},"end":{"line":147,"column":2}},"58":{"start":{"line":126,"column":4},"end":{"line":146,"column":5}},"59":{"start":{"line":127,"column":26},"end":{"line":127,"column":34}},"60":{"start":{"line":129,"column":8},"end":{"line":132,"column":9}},"61":{"start":{"line":130,"column":12},"end":{"line":130,"column":93}},"62":{"start":{"line":131,"column":12},"end":{"line":131,"column":96}},"63":{"start":{"line":134,"column":28},"end":{"line":134,"column":123}},"64":{"start":{"line":135,"column":8},"end":{"line":138,"column":11}},"65":{"start":{"line":141,"column":8},"end":{"line":141,"column":87}},"66":{"start":{"line":142,"column":8},"end":{"line":145,"column":11}},"67":{"start":{"line":125,"column":13},"end":{"line":125,"column":42}},"68":{"start":{"line":149,"column":37},"end":{"line":164,"column":null}},"69":{"start":{"line":149,"column":75},"end":{"line":164,"column":null}},"70":{"start":{"line":150,"column":4},"end":{"line":163,"column":5}},"71":{"start":{"line":152,"column":28},"end":{"line":152,"column":107}},"72":{"start":{"line":153,"column":8},"end":{"line":156,"column":11}},"73":{"start":{"line":158,"column":8},"end":{"line":158,"column":86}},"74":{"start":{"line":159,"column":8},"end":{"line":162,"column":11}},"75":{"start":{"line":149,"column":13},"end":{"line":149,"column":37}}},"fnMap":{"0":{"name":"(anonymous_8)","decl":{"start":{"line":7,"column":33},"end":{"line":7,"column":40}},"loc":{"start":{"line":7,"column":71},"end":{"line":49,"column":2}}},"1":{"name":"(anonymous_9)","decl":{"start":{"line":7,"column":71},"end":{"line":7,"column":null}},"loc":{"start":{"line":7,"column":71},"end":{"line":49,"column":1}}},"2":{"name":"(anonymous_10)","decl":{"start":{"line":19,"column":12},"end":{"line":19,"column":13}},"loc":{"start":{"line":19,"column":22},"end":{"line":19,"column":73}}},"3":{"name":"(anonymous_11)","decl":{"start":{"line":51,"column":33},"end":{"line":51,"column":40}},"loc":{"start":{"line":51,"column":71},"end":{"line":77,"column":2}}},"4":{"name":"(anonymous_12)","decl":{"start":{"line":51,"column":71},"end":{"line":51,"column":null}},"loc":{"start":{"line":51,"column":71},"end":{"line":77,"column":1}}},"5":{"name":"(anonymous_13)","decl":{"start":{"line":79,"column":34},"end":{"line":79,"column":41}},"loc":{"start":{"line":79,"column":72},"end":{"line":96,"column":2}}},"6":{"name":"(anonymous_14)","decl":{"start":{"line":79,"column":72},"end":{"line":79,"column":null}},"loc":{"start":{"line":79,"column":72},"end":{"line":96,"column":1}}},"7":{"name":"(anonymous_15)","decl":{"start":{"line":98,"column":34},"end":{"line":98,"column":41}},"loc":{"start":{"line":98,"column":72},"end":{"line":123,"column":2}}},"8":{"name":"(anonymous_16)","decl":{"start":{"line":98,"column":72},"end":{"line":98,"column":null}},"loc":{"start":{"line":98,"column":72},"end":{"line":123,"column":1}}},"9":{"name":"(anonymous_17)","decl":{"start":{"line":125,"column":42},"end":{"line":125,"column":49}},"loc":{"start":{"line":125,"column":80},"end":{"line":147,"column":2}}},"10":{"name":"(anonymous_18)","decl":{"start":{"line":125,"column":80},"end":{"line":125,"column":null}},"loc":{"start":{"line":125,"column":80},"end":{"line":147,"column":1}}},"11":{"name":"(anonymous_19)","decl":{"start":{"line":149,"column":37},"end":{"line":149,"column":44}},"loc":{"start":{"line":149,"column":75},"end":{"line":164,"column":null}}},"12":{"name":"(anonymous_20)","decl":{"start":{"line":149,"column":75},"end":{"line":149,"column":null}},"loc":{"start":{"line":149,"column":75},"end":{"line":164,"column":1}}}},"branchMap":{"0":{"loc":{"start":{"line":13,"column":8},"end":{"line":16,"column":9}},"type":"if","locations":[{"start":{"line":13,"column":8},"end":{"line":16,"column":9}}]},"1":{"loc":{"start":{"line":13,"column":12},"end":{"line":13,"column":129}},"type":"binary-expr","locations":[{"start":{"line":13,"column":12},"end":{"line":13,"column":21}},{"start":{"line":13,"column":25},"end":{"line":13,"column":32}},{"start":{"line":13,"column":36},"end":{"line":13,"column":48}},{"start":{"line":13,"column":52},"end":{"line":13,"column":79}},{"start":{"line":13,"column":83},"end":{"line":13,"column":107}},{"start":{"line":13,"column":111},"end":{"line":13,"column":129}}]},"2":{"loc":{"start":{"line":23,"column":8},"end":{"line":26,"column":9}},"type":"if","locations":[{"start":{"line":23,"column":8},"end":{"line":26,"column":9}}]},"3":{"loc":{"start":{"line":55,"column":8},"end":{"line":58,"column":9}},"type":"if","locations":[{"start":{"line":55,"column":8},"end":{"line":58,"column":9}}]},"4":{"loc":{"start":{"line":55,"column":12},"end":{"line":55,"column":131}},"type":"binary-expr","locations":[{"start":{"line":55,"column":12},"end":{"line":55,"column":21}},{"start":{"line":55,"column":25},"end":{"line":55,"column":32}},{"start":{"line":55,"column":36},"end":{"line":55,"column":56}},{"start":{"line":55,"column":60},"end":{"line":55,"column":95}},{"start":{"line":55,"column":99},"end":{"line":55,"column":131}}]},"5":{"loc":{"start":{"line":101,"column":23},"end":{"line":101,"column":31}},"type":"default-arg","locations":[{"start":{"line":101,"column":30},"end":{"line":101,"column":31}}]},"6":{"loc":{"start":{"line":101,"column":33},"end":{"line":101,"column":46}},"type":"default-arg","locations":[{"start":{"line":101,"column":44},"end":{"line":101,"column":46}}]},"7":{"loc":{"start":{"line":104,"column":24},"end":{"line":104,"column":57}},"type":"binary-expr","locations":[{"start":{"line":104,"column":24},"end":{"line":104,"column":52}},{"start":{"line":104,"column":56},"end":{"line":104,"column":57}}]},"8":{"loc":{"start":{"line":105,"column":28},"end":{"line":105,"column":66}},"type":"binary-expr","locations":[{"start":{"line":105,"column":28},"end":{"line":105,"column":60}},{"start":{"line":105,"column":64},"end":{"line":105,"column":66}}]},"9":{"loc":{"start":{"line":129,"column":8},"end":{"line":132,"column":9}},"type":"if","locations":[{"start":{"line":129,"column":8},"end":{"line":132,"column":9}}]},"10":{"loc":{"start":{"line":129,"column":12},"end":{"line":129,"column":51}},"type":"binary-expr","locations":[{"start":{"line":129,"column":12},"end":{"line":129,"column":22}},{"start":{"line":129,"column":26},"end":{"line":129,"column":51}}]}},"s":{"0":2,"1":2,"2":2,"3":2,"4":2,"5":4,"6":4,"7":4,"8":4,"9":4,"10":1,"11":1,"12":3,"13":3,"14":3,"15":3,"16":0,"17":0,"18":3,"19":3,"20":3,"21":1,"22":1,"23":2,"24":2,"25":2,"26":2,"27":2,"28":2,"29":1,"30":1,"31":1,"32":1,"33":1,"34":1,"35":2,"36":2,"37":1,"38":1,"39":1,"40":1,"41":1,"42":0,"43":0,"44":2,"45":2,"46":2,"47":2,"48":2,"49":2,"50":2,"51":2,"52":1,"53":1,"54":1,"55":2,"56":2,"57":1,"58":1,"59":1,"60":1,"61":0,"62":0,"63":1,"64":1,"65":0,"66":0,"67":2,"68":2,"69":1,"70":1,"71":1,"72":1,"73":0,"74":0,"75":2},"f":{"0":4,"1":4,"2":3,"3":2,"4":2,"5":1,"6":1,"7":2,"8":2,"9":1,"10":1,"11":1,"12":1},"b":{"0":[1],"1":[4,4,4,4,4,3],"2":[0],"3":[1],"4":[2,2,2,1,1],"5":[2],"6":[2],"7":[2,0],"8":[2,0],"9":[0],"10":[1,1]}}
,"C:\\Users\\anaos\\Documents\\tfg\\repos\\tfg_users\\src\\routes\\auth.routes.ts": {"path":"C:\\Users\\anaos\\Documents\\tfg\\repos\\tfg_users\\src\\routes\\auth.routes.ts","statementMap":{"0":{"start":{"line":1,"column":0},"end":{"line":1,"column":33}},"1":{"start":{"line":2,"column":0},"end":{"line":2,"column":82}},"2":{"start":{"line":3,"column":0},"end":{"line":3,"column":62}},"3":{"start":{"line":5,"column":15},"end":{"line":5,"column":23}},"4":{"start":{"line":60,"column":0},"end":{"line":60,"column":35}},"5":{"start":{"line":112,"column":0},"end":{"line":112,"column":29}},"6":{"start":{"line":149,"column":0},"end":{"line":149,"column":null}},"7":{"start":{"line":151,"column":0},"end":{"line":151,"column":22}}},"fnMap":{},"branchMap":{},"s":{"0":2,"1":2,"2":2,"3":2,"4":2,"5":2,"6":2,"7":2},"f":{},"b":{}}
,"C:\\Users\\anaos\\Documents\\tfg\\repos\\tfg_users\\src\\routes\\permission.routes.ts": {"path":"C:\\Users\\anaos\\Documents\\tfg\\repos\\tfg_users\\src\\routes\\permission.routes.ts","statementMap":{"0":{"start":{"line":1,"column":0},"end":{"line":1,"column":33}},"1":{"start":{"line":2,"column":0},"end":{"line":2,"column":62}},"2":{"start":{"line":3,"column":0},"end":{"line":3,"column":183}},"3":{"start":{"line":5,"column":15},"end":{"line":5,"column":23}},"4":{"start":{"line":6,"column":0},"end":{"line":6,"column":25}},"5":{"start":{"line":48,"column":0},"end":{"line":48,"column":48}},"6":{"start":{"line":83,"column":0},"end":{"line":83,"column":47}},"7":{"start":{"line":146,"column":0},"end":{"line":146,"column":47}},"8":{"start":{"line":201,"column":0},"end":{"line":201,"column":49}},"9":{"start":{"line":203,"column":0},"end":{"line":203,"column":71}},"10":{"start":{"line":205,"column":0},"end":{"line":205,"column":62}},"11":{"start":{"line":207,"column":0},"end":{"line":207,"column":22}}},"fnMap":{},"branchMap":{},"s":{"0":2,"1":2,"2":2,"3":2,"4":2,"5":2,"6":2,"7":2,"8":2,"9":2,"10":2,"11":2},"f":{},"b":{}}
,"C:\\Users\\anaos\\Documents\\tfg\\repos\\tfg_users\\src\\services\\auth.service.ts": {"path":"C:\\Users\\anaos\\Documents\\tfg\\repos\\tfg_users\\src\\services\\auth.service.ts","statementMap":{"0":{"start":{"line":1,"column":0},"end":{"line":1,"column":40}},"1":{"start":{"line":2,"column":0},"end":{"line":2,"column":46}},"2":{"start":{"line":3,"column":0},"end":{"line":3,"column":57}},"3":{"start":{"line":4,"column":0},"end":{"line":4,"column":38}},"4":{"start":{"line":9,"column":8},"end":{"line":9,"column":73}},"5":{"start":{"line":11,"column":8},"end":{"line":14,"column":9}},"6":{"start":{"line":12,"column":12},"end":{"line":12,"column":68}},"7":{"start":{"line":13,"column":12},"end":{"line":13,"column":65}},"8":{"start":{"line":16,"column":8},"end":{"line":19,"column":9}},"9":{"start":{"line":17,"column":12},"end":{"line":17,"column":53}},"10":{"start":{"line":18,"column":12},"end":{"line":18,"column":85}},"11":{"start":{"line":21,"column":8},"end":{"line":24,"column":9}},"12":{"start":{"line":22,"column":12},"end":{"line":22,"column":71}},"13":{"start":{"line":23,"column":12},"end":{"line":23,"column":60}},"14":{"start":{"line":26,"column":29},"end":{"line":26,"column":58}},"15":{"start":{"line":27,"column":8},"end":{"line":30,"column":9}},"16":{"start":{"line":28,"column":12},"end":{"line":28,"column":77}},"17":{"start":{"line":29,"column":12},"end":{"line":29,"column":68}},"18":{"start":{"line":32,"column":21},"end":{"line":37,"column":10}},"19":{"start":{"line":39,"column":8},"end":{"line":39,"column":86}},"20":{"start":{"line":41,"column":22},"end":{"line":41,"column":68}},"21":{"start":{"line":42,"column":8},"end":{"line":42,"column":78}},"22":{"start":{"line":44,"column":8},"end":{"line":44,"column":31}},"23":{"start":{"line":48,"column":8},"end":{"line":48,"column":62}},"24":{"start":{"line":50,"column":8},"end":{"line":53,"column":9}},"25":{"start":{"line":51,"column":12},"end":{"line":51,"column":65}},"26":{"start":{"line":52,"column":12},"end":{"line":52,"column":80}},"27":{"start":{"line":55,"column":21},"end":{"line":55,"column":50}},"28":{"start":{"line":56,"column":8},"end":{"line":59,"column":9}},"29":{"start":{"line":57,"column":12},"end":{"line":57,"column":78}},"30":{"start":{"line":58,"column":12},"end":{"line":58,"column":53}},"31":{"start":{"line":61,"column":24},"end":{"line":61,"column":60}},"32":{"start":{"line":62,"column":8},"end":{"line":65,"column":9}},"33":{"start":{"line":63,"column":12},"end":{"line":63,"column":72}},"34":{"start":{"line":64,"column":12},"end":{"line":64,"column":54}},"35":{"start":{"line":67,"column":8},"end":{"line":67,"column":82}},"36":{"start":{"line":68,"column":22},"end":{"line":68,"column":68}},"37":{"start":{"line":69,"column":8},"end":{"line":69,"column":31}},"38":{"start":{"line":74,"column":8},"end":{"line":74,"column":61}},"39":{"start":{"line":76,"column":8},"end":{"line":79,"column":9}},"40":{"start":{"line":77,"column":12},"end":{"line":77,"column":68}},"41":{"start":{"line":78,"column":12},"end":{"line":78,"column":68}},"42":{"start":{"line":81,"column":21},"end":{"line":81,"column":50}},"43":{"start":{"line":82,"column":8},"end":{"line":85,"column":9}},"44":{"start":{"line":83,"column":12},"end":{"line":83,"column":70}},"45":{"start":{"line":84,"column":12},"end":{"line":84,"column":24}},"46":{"start":{"line":87,"column":8},"end":{"line":87,"column":70}},"47":{"start":{"line":88,"column":8},"end":{"line":88,"column":20}},"48":{"start":{"line":92,"column":0},"end":{"line":92,"column":33}}},"fnMap":{"0":{"name":"(anonymous_8)","decl":{"start":{"line":8,"column":10},"end":{"line":8,"column":18}},"loc":{"start":{"line":8,"column":75},"end":{"line":45,"column":null}}},"1":{"name":"(anonymous_10)","decl":{"start":{"line":47,"column":10},"end":{"line":47,"column":15}},"loc":{"start":{"line":47,"column":47},"end":{"line":70,"column":null}}},"2":{"name":"(anonymous_12)","decl":{"start":{"line":73,"column":10},"end":{"line":73,"column":24}},"loc":{"start":{"line":73,"column":38},"end":{"line":89,"column":null}}}},"branchMap":{"0":{"loc":{"start":{"line":11,"column":8},"end":{"line":14,"column":9}},"type":"if","locations":[{"start":{"line":11,"column":8},"end":{"line":14,"column":9}}]},"1":{"loc":{"start":{"line":11,"column":12},"end":{"line":11,"column":51}},"type":"binary-expr","locations":[{"start":{"line":11,"column":12},"end":{"line":11,"column":18}},{"start":{"line":11,"column":22},"end":{"line":11,"column":31}},{"start":{"line":11,"column":35},"end":{"line":11,"column":51}}]},"2":{"loc":{"start":{"line":16,"column":8},"end":{"line":19,"column":9}},"type":"if","locations":[{"start":{"line":16,"column":8},"end":{"line":19,"column":9}}]},"3":{"loc":{"start":{"line":21,"column":8},"end":{"line":24,"column":9}},"type":"if","locations":[{"start":{"line":21,"column":8},"end":{"line":24,"column":9}}]},"4":{"loc":{"start":{"line":27,"column":8},"end":{"line":30,"column":9}},"type":"if","locations":[{"start":{"line":27,"column":8},"end":{"line":30,"column":9}}]},"5":{"loc":{"start":{"line":50,"column":8},"end":{"line":53,"column":9}},"type":"if","locations":[{"start":{"line":50,"column":8},"end":{"line":53,"column":9}}]},"6":{"loc":{"start":{"line":50,"column":12},"end":{"line":50,"column":31}},"type":"binary-expr","locations":[{"start":{"line":50,"column":12},"end":{"line":50,"column":18}},{"start":{"line":50,"column":22},"end":{"line":50,"column":31}}]},"7":{"loc":{"start":{"line":56,"column":8},"end":{"line":59,"column":9}},"type":"if","locations":[{"start":{"line":56,"column":8},"end":{"line":59,"column":9}}]},"8":{"loc":{"start":{"line":62,"column":8},"end":{"line":65,"column":9}},"type":"if","locations":[{"start":{"line":62,"column":8},"end":{"line":65,"column":9}}]},"9":{"loc":{"start":{"line":76,"column":8},"end":{"line":79,"column":9}},"type":"if","locations":[{"start":{"line":76,"column":8},"end":{"line":79,"column":9}}]},"10":{"loc":{"start":{"line":82,"column":8},"end":{"line":85,"column":9}},"type":"if","locations":[{"start":{"line":82,"column":8},"end":{"line":85,"column":9}}]}},"s":{"0":2,"1":2,"2":2,"3":2,"4":5,"5":5,"6":0,"7":0,"8":5,"9":0,"10":0,"11":5,"12":0,"13":0,"14":5,"15":5,"16":0,"17":0,"18":5,"19":5,"20":5,"21":5,"22":5,"23":3,"24":3,"25":0,"26":0,"27":3,"28":3,"29":1,"30":1,"31":2,"32":2,"33":1,"34":1,"35":1,"36":1,"37":1,"38":9,"39":9,"40":0,"41":0,"42":9,"43":9,"44":5,"45":5,"46":4,"47":4,"48":2},"f":{"0":5,"1":3,"2":9},"b":{"0":[0],"1":[5,5,5],"2":[0],"3":[0],"4":[0],"5":[0],"6":[3,3],"7":[1],"8":[1],"9":[0],"10":[5]}}
,"C:\\Users\\anaos\\Documents\\tfg\\repos\\tfg_users\\src\\services\\permission.service.ts": {"path":"C:\\Users\\anaos\\Documents\\tfg\\repos\\tfg_users\\src\\services\\permission.service.ts","statementMap":{"0":{"start":{"line":1,"column":0},"end":{"line":1,"column":52}},"1":{"start":{"line":2,"column":0},"end":{"line":2,"column":40}},"2":{"start":{"line":4,"column":0},"end":{"line":4,"column":38}},"3":{"start":{"line":20,"column":8},"end":{"line":20,"column":108}},"4":{"start":{"line":22,"column":21},"end":{"line":22,"column":48}},"5":{"start":{"line":23,"column":8},"end":{"line":26,"column":9}},"6":{"start":{"line":24,"column":12},"end":{"line":24,"column":84}},"7":{"start":{"line":25,"column":12},"end":{"line":25,"column":53}},"8":{"start":{"line":28,"column":25},"end":{"line":28,"column":56}},"9":{"start":{"line":29,"column":8},"end":{"line":32,"column":9}},"10":{"start":{"line":30,"column":12},"end":{"line":30,"column":70}},"11":{"start":{"line":31,"column":12},"end":{"line":31,"column":63}},"12":{"start":{"line":34,"column":25},"end":{"line":34,"column":71}},"13":{"start":{"line":36,"column":8},"end":{"line":48,"column":9}},"14":{"start":{"line":37,"column":12},"end":{"line":37,"column":93}},"15":{"start":{"line":38,"column":12},"end":{"line":38,"column":95}},"16":{"start":{"line":39,"column":12},"end":{"line":39,"column":46}},"17":{"start":{"line":41,"column":12},"end":{"line":41,"column":52}},"18":{"start":{"line":42,"column":12},"end":{"line":47,"column":15}},"19":{"start":{"line":50,"column":8},"end":{"line":50,"column":32}},"20":{"start":{"line":51,"column":8},"end":{"line":51,"column":78}},"21":{"start":{"line":53,"column":8},"end":{"line":53,"column":26}},"22":{"start":{"line":61,"column":8},"end":{"line":61,"column":83}},"23":{"start":{"line":63,"column":27},"end":{"line":63,"column":73}},"24":{"start":{"line":65,"column":8},"end":{"line":68,"column":9}},"25":{"start":{"line":66,"column":12},"end":{"line":66,"column":107}},"26":{"start":{"line":67,"column":12},"end":{"line":67,"column":55}},"27":{"start":{"line":70,"column":8},"end":{"line":72,"column":10}},"28":{"start":{"line":71,"column":20},"end":{"line":71,"column":73}},"29":{"start":{"line":74,"column":8},"end":{"line":78,"column":9}},"30":{"start":{"line":75,"column":12},"end":{"line":75,"column":96}},"31":{"start":{"line":76,"column":12},"end":{"line":76,"column":64}},"32":{"start":{"line":77,"column":12},"end":{"line":77,"column":24}},"33":{"start":{"line":80,"column":8},"end":{"line":80,"column":42}},"34":{"start":{"line":81,"column":8},"end":{"line":81,"column":32}},"35":{"start":{"line":82,"column":8},"end":{"line":82,"column":89}},"36":{"start":{"line":84,"column":8},"end":{"line":84,"column":26}},"37":{"start":{"line":88,"column":8},"end":{"line":88,"column":89}},"38":{"start":{"line":89,"column":27},"end":{"line":89,"column":73}},"39":{"start":{"line":90,"column":8},"end":{"line":90,"column":56}},"40":{"start":{"line":99,"column":42},"end":{"line":99,"column":48}},"41":{"start":{"line":101,"column":8},"end":{"line":101,"column":109}},"42":{"start":{"line":104,"column":28},"end":{"line":106,"column":10}},"43":{"start":{"line":109,"column":21},"end":{"line":109,"column":42}},"44":{"start":{"line":112,"column":30},"end":{"line":119,"column":10}},"45":{"start":{"line":121,"column":8},"end":{"line":121,"column":117}},"46":{"start":{"line":123,"column":8},"end":{"line":128,"column":10}},"47":{"start":{"line":131,"column":8},"end":{"line":131,"column":88}},"48":{"start":{"line":132,"column":28},"end":{"line":138,"column":19}},"49":{"start":{"line":139,"column":8},"end":{"line":139,"column":87}},"50":{"start":{"line":140,"column":8},"end":{"line":140,"column":27}},"51":{"start":{"line":144,"column":8},"end":{"line":144,"column":71}},"52":{"start":{"line":145,"column":28},"end":{"line":148,"column":19}},"53":{"start":{"line":149,"column":8},"end":{"line":149,"column":87}},"54":{"start":{"line":150,"column":8},"end":{"line":150,"column":27}},"55":{"start":{"line":154,"column":0},"end":{"line":154,"column":39}}},"fnMap":{"0":{"name":"(anonymous_8)","decl":{"start":{"line":14,"column":10},"end":{"line":14,"column":27}},"loc":{"start":{"line":18,"column":37},"end":{"line":54,"column":null}}},"1":{"name":"(anonymous_10)","decl":{"start":{"line":56,"column":10},"end":{"line":56,"column":27}},"loc":{"start":{"line":59,"column":45},"end":{"line":85,"column":null}}},"2":{"name":"(anonymous_12)","decl":{"start":{"line":71,"column":12},"end":{"line":71,"column":16}},"loc":{"start":{"line":71,"column":20},"end":{"line":71,"column":73}}},"3":{"name":"(anonymous_13)","decl":{"start":{"line":87,"column":10},"end":{"line":87,"column":28}},"loc":{"start":{"line":87,"column":61},"end":{"line":91,"column":null}}},"4":{"name":"(anonymous_15)","decl":{"start":{"line":93,"column":10},"end":{"line":93,"column":28}},"loc":{"start":{"line":93,"column":54},"end":{"line":129,"column":null}}},"5":{"name":"(anonymous_17)","decl":{"start":{"line":130,"column":10},"end":{"line":130,"column":36}},"loc":{"start":{"line":130,"column":72},"end":{"line":141,"column":null}}},"6":{"name":"(anonymous_19)","decl":{"start":{"line":143,"column":10},"end":{"line":143,"column":31}},"loc":{"start":{"line":143,"column":46},"end":{"line":151,"column":null}}}},"branchMap":{"0":{"loc":{"start":{"line":23,"column":8},"end":{"line":26,"column":9}},"type":"if","locations":[{"start":{"line":23,"column":8},"end":{"line":26,"column":9}}]},"1":{"loc":{"start":{"line":29,"column":8},"end":{"line":32,"column":9}},"type":"if","locations":[{"start":{"line":29,"column":8},"end":{"line":32,"column":9}}]},"2":{"loc":{"start":{"line":36,"column":8},"end":{"line":48,"column":9}},"type":"if","locations":[{"start":{"line":36,"column":8},"end":{"line":48,"column":9}},{"start":{"line":40,"column":15},"end":{"line":48,"column":9}}]},"3":{"loc":{"start":{"line":65,"column":8},"end":{"line":68,"column":9}},"type":"if","locations":[{"start":{"line":65,"column":8},"end":{"line":68,"column":9}}]},"4":{"loc":{"start":{"line":74,"column":8},"end":{"line":78,"column":9}},"type":"if","locations":[{"start":{"line":74,"column":8},"end":{"line":78,"column":9}}]},"5":{"loc":{"start":{"line":90,"column":15},"end":{"line":90,"column":55}},"type":"cond-expr","locations":[{"start":{"line":90,"column":28},"end":{"line":90,"column":50}},{"start":{"line":90,"column":53},"end":{"line":90,"column":55}}]}},"s":{"0":2,"1":2,"2":2,"3":3,"4":3,"5":3,"6":0,"7":0,"8":3,"9":3,"10":0,"11":0,"12":3,"13":3,"14":2,"15":2,"16":2,"17":1,"18":1,"19":3,"20":3,"21":3,"22":1,"23":1,"24":1,"25":0,"26":0,"27":1,"28":2,"29":1,"30":0,"31":0,"32":0,"33":1,"34":1,"35":1,"36":1,"37":1,"38":1,"39":1,"40":2,"41":2,"42":2,"43":2,"44":2,"45":1,"46":1,"47":1,"48":1,"49":1,"50":1,"51":1,"52":1,"53":1,"54":1,"55":2},"f":{"0":3,"1":1,"2":2,"3":1,"4":2,"5":1,"6":1},"b":{"0":[0],"1":[0],"2":[2,1],"3":[0],"4":[0],"5":[0,1]}}
}
