TN:
SF:src\controllers\auth.controller.ts
FN:5,(anonymous_8)
FN:5,(anonymous_9)
FN:23,(anonymous_10)
FN:23,(anonymous_11)
FN:41,(anonymous_12)
FN:41,(anonymous_13)
FNF:6
FNH:6
FNDA:7,(anonymous_8)
FNDA:7,(anonymous_9)
FNDA:3,(anonymous_10)
FNDA:3,(anonymous_11)
FNDA:1,(anonymous_12)
FNDA:1,(anonymous_13)
DA:2,1
DA:3,1
DA:5,7
DA:6,7
DA:7,7
DA:8,7
DA:10,5
DA:15,2
DA:16,2
DA:23,3
DA:24,3
DA:25,3
DA:26,3
DA:28,1
DA:33,2
DA:34,2
DA:41,1
DA:42,1
LF:18
LH:18
BRF:0
BRH:0
end_of_record
TN:
SF:src\controllers\permission.controller.ts
FN:6,(anonymous_8)
FN:6,(anonymous_9)
FN:30,(anonymous_10)
FN:30,(anonymous_11)
FN:53,(anonymous_12)
FN:53,(anonymous_13)
FN:72,(anonymous_14)
FN:72,(anonymous_15)
FNF:8
FNH:0
FNDA:0,(anonymous_8)
FNDA:0,(anonymous_9)
FNDA:0,(anonymous_10)
FNDA:0,(anonymous_11)
FNDA:0,(anonymous_12)
FNDA:0,(anonymous_13)
FNDA:0,(anonymous_14)
FNDA:0,(anonymous_15)
DA:2,1
DA:3,1
DA:6,1
DA:7,0
DA:8,0
DA:10,0
DA:17,0
DA:22,0
DA:23,0
DA:30,1
DA:31,0
DA:32,0
DA:34,0
DA:40,0
DA:45,0
DA:46,0
DA:53,1
DA:54,0
DA:55,0
DA:57,0
DA:59,0
DA:64,0
DA:65,0
DA:72,1
DA:73,0
DA:74,0
DA:76,0
DA:78,0
DA:83,0
DA:84,0
LF:30
LH:6
BRF:0
BRH:0
end_of_record
TN:
SF:src\routes\auth.routes.ts
FNF:0
FNH:0
DA:1,1
DA:2,1
DA:3,1
DA:5,1
DA:60,1
DA:112,1
DA:149,1
DA:151,1
LF:8
LH:8
BRF:0
BRH:0
end_of_record
TN:
SF:src\routes\permission.routes.ts
FNF:0
FNH:0
DA:1,1
DA:2,1
DA:3,1
DA:5,1
DA:6,1
DA:48,1
DA:83,1
DA:146,1
DA:201,1
DA:203,1
LF:10
LH:10
BRF:0
BRH:0
end_of_record
TN:
SF:src\services\auth.service.ts
FN:8,(anonymous_8)
FN:47,(anonymous_10)
FNF:2
FNH:2
FNDA:11,(anonymous_8)
FNDA:7,(anonymous_10)
DA:1,2
DA:2,2
DA:3,2
DA:4,2
DA:9,11
DA:11,11
DA:12,1
DA:13,1
DA:16,10
DA:17,1
DA:18,1
DA:21,9
DA:22,2
DA:23,2
DA:26,7
DA:27,7
DA:28,2
DA:29,2
DA:32,5
DA:39,5
DA:41,5
DA:42,5
DA:44,5
DA:48,7
DA:50,7
DA:51,1
DA:52,1
DA:55,6
DA:56,6
DA:57,2
DA:58,2
DA:61,4
DA:62,4
DA:63,2
DA:64,2
DA:67,2
DA:68,2
DA:69,2
DA:73,2
LF:39
LH:39
BRDA:11,0,0,1
BRDA:11,1,0,11
BRDA:11,1,1,10
BRDA:11,1,2,10
BRDA:16,2,0,1
BRDA:21,3,0,2
BRDA:27,4,0,2
BRDA:50,5,0,1
BRDA:50,6,0,7
BRDA:50,6,1,6
BRDA:56,7,0,2
BRDA:62,8,0,2
BRF:12
BRH:12
end_of_record
TN:
SF:src\services\permission.service.ts
FN:7,(anonymous_8)
FN:49,(anonymous_10)
FN:64,(anonymous_12)
FN:80,(anonymous_13)
FN:86,(anonymous_15)
FNF:5
FNH:0
FNDA:0,(anonymous_8)
FNDA:0,(anonymous_10)
FNDA:0,(anonymous_12)
FNDA:0,(anonymous_13)
FNDA:0,(anonymous_15)
DA:1,1
DA:2,1
DA:4,1
DA:13,0
DA:15,0
DA:16,0
DA:17,0
DA:18,0
DA:21,0
DA:22,0
DA:23,0
DA:24,0
DA:27,0
DA:29,0
DA:30,0
DA:31,0
DA:32,0
DA:34,0
DA:35,0
DA:43,0
DA:44,0
DA:46,0
DA:54,0
DA:56,0
DA:58,0
DA:59,0
DA:60,0
DA:63,0
DA:64,0
DA:67,0
DA:68,0
DA:69,0
DA:70,0
DA:73,0
DA:74,0
DA:75,0
DA:77,0
DA:81,0
DA:82,0
DA:83,0
DA:87,0
DA:88,0
DA:92,0
DA:93,0
DA:97,1
LF:45
LH:4
BRDA:16,0,0,0
BRDA:22,1,0,0
BRDA:29,2,0,0
BRDA:29,2,1,0
BRDA:58,3,0,0
BRDA:67,4,0,0
BRDA:83,5,0,0
BRDA:83,5,1,0
BRF:8
BRH:0
end_of_record
