TN:
SF:src\controllers\auth.controller.ts
FN:6,(anonymous_8)
FN:6,(anonymous_9)
FN:46,(anonymous_10)
FN:46,(anonymous_11)
FN:64,(anonymous_12)
FN:64,(anonymous_13)
FNF:6
FNH:6
FNDA:7,(anonymous_8)
FNDA:7,(anonymous_9)
FNDA:3,(anonymous_10)
FNDA:3,(anonymous_11)
FNDA:1,(anonymous_12)
FNDA:1,(anonymous_13)
DA:2,2
DA:3,2
DA:4,2
DA:6,7
DA:7,7
DA:8,7
DA:10,7
DA:11,0
DA:12,0
DA:15,7
DA:16,0
DA:17,0
DA:20,7
DA:21,1
DA:22,1
DA:25,6
DA:26,6
DA:27,1
DA:28,1
DA:31,5
DA:33,5
DA:38,2
DA:39,2
DA:46,3
DA:47,3
DA:48,3
DA:49,3
DA:51,1
DA:56,2
DA:57,2
DA:64,2
DA:65,1
LF:32
LH:28
BRDA:10,0,0,0
BRDA:10,1,0,7
BRDA:10,1,1,7
BRDA:10,1,2,7
BRDA:15,2,0,0
BRDA:20,3,0,1
BRDA:26,4,0,1
BRF:7
BRH:5
end_of_record
TN:
SF:src\controllers\permission.controller.ts
FN:7,(anonymous_8)
FN:7,(anonymous_9)
FN:19,(anonymous_10)
FN:51,(anonymous_11)
FN:51,(anonymous_12)
FN:79,(anonymous_13)
FN:79,(anonymous_14)
FN:98,(anonymous_15)
FN:98,(anonymous_16)
FN:125,(anonymous_17)
FN:125,(anonymous_18)
FN:149,(anonymous_19)
FN:149,(anonymous_20)
FNF:13
FNH:13
FNDA:4,(anonymous_8)
FNDA:4,(anonymous_9)
FNDA:3,(anonymous_10)
FNDA:2,(anonymous_11)
FNDA:2,(anonymous_12)
FNDA:1,(anonymous_13)
FNDA:1,(anonymous_14)
FNDA:2,(anonymous_15)
FNDA:2,(anonymous_16)
FNDA:1,(anonymous_17)
FNDA:1,(anonymous_18)
FNDA:1,(anonymous_19)
FNDA:1,(anonymous_20)
DA:2,2
DA:3,2
DA:4,2
DA:5,2
DA:7,4
DA:8,4
DA:9,4
DA:11,4
DA:13,4
DA:14,1
DA:15,1
DA:18,3
DA:19,3
DA:22,3
DA:23,3
DA:24,0
DA:25,0
DA:28,3
DA:31,3
DA:38,3
DA:43,1
DA:44,1
DA:51,2
DA:52,2
DA:53,2
DA:55,2
DA:56,1
DA:57,1
DA:60,1
DA:66,1
DA:71,1
DA:72,1
DA:79,2
DA:80,1
DA:81,1
DA:83,1
DA:85,1
DA:90,0
DA:91,0
DA:98,2
DA:99,2
DA:101,2
DA:104,2
DA:105,2
DA:108,2
DA:115,1
DA:117,1
DA:118,1
DA:125,2
DA:126,1
DA:127,1
DA:129,1
DA:130,0
DA:131,0
DA:134,1
DA:135,1
DA:141,0
DA:142,0
DA:149,2
DA:150,1
DA:152,1
DA:153,1
DA:158,0
DA:159,0
LF:64
LH:54
BRDA:13,0,0,1
BRDA:13,1,0,4
BRDA:13,1,1,4
BRDA:13,1,2,4
BRDA:13,1,3,4
BRDA:13,1,4,4
BRDA:13,1,5,3
BRDA:23,2,0,0
BRDA:55,3,0,1
BRDA:55,4,0,2
BRDA:55,4,1,2
BRDA:55,4,2,2
BRDA:55,4,3,1
BRDA:55,4,4,1
BRDA:101,5,0,2
BRDA:101,6,0,2
BRDA:104,7,0,2
BRDA:104,7,1,0
BRDA:105,8,0,2
BRDA:105,8,1,0
BRDA:129,9,0,0
BRDA:129,10,0,1
BRDA:129,10,1,1
BRF:23
BRH:19
end_of_record
TN:
SF:src\routes\auth.routes.ts
FNF:0
FNH:0
DA:1,2
DA:2,2
DA:3,2
DA:5,2
DA:60,2
DA:112,2
DA:149,2
DA:151,2
LF:8
LH:8
BRF:0
BRH:0
end_of_record
TN:
SF:src\routes\permission.routes.ts
FNF:0
FNH:0
DA:1,2
DA:2,2
DA:3,2
DA:5,2
DA:6,2
DA:48,2
DA:83,2
DA:146,2
DA:201,2
DA:203,2
DA:205,2
DA:207,2
LF:12
LH:12
BRF:0
BRH:0
end_of_record
TN:
SF:src\services\auth.service.ts
FN:8,(anonymous_8)
FN:47,(anonymous_10)
FN:73,(anonymous_12)
FNF:3
FNH:3
FNDA:5,(anonymous_8)
FNDA:3,(anonymous_10)
FNDA:9,(anonymous_12)
DA:1,2
DA:2,2
DA:3,2
DA:4,2
DA:9,5
DA:11,5
DA:12,0
DA:13,0
DA:16,5
DA:17,0
DA:18,0
DA:21,5
DA:22,0
DA:23,0
DA:26,5
DA:27,5
DA:28,0
DA:29,0
DA:32,5
DA:39,5
DA:41,5
DA:42,5
DA:44,5
DA:48,3
DA:50,3
DA:51,0
DA:52,0
DA:55,3
DA:56,3
DA:57,1
DA:58,1
DA:61,2
DA:62,2
DA:63,1
DA:64,1
DA:67,1
DA:68,1
DA:69,1
DA:74,9
DA:76,9
DA:77,0
DA:78,0
DA:81,9
DA:82,9
DA:83,5
DA:84,5
DA:87,4
DA:88,4
DA:92,2
LF:49
LH:37
BRDA:11,0,0,0
BRDA:11,1,0,5
BRDA:11,1,1,5
BRDA:11,1,2,5
BRDA:16,2,0,0
BRDA:21,3,0,0
BRDA:27,4,0,0
BRDA:50,5,0,0
BRDA:50,6,0,3
BRDA:50,6,1,3
BRDA:56,7,0,1
BRDA:62,8,0,1
BRDA:76,9,0,0
BRDA:82,10,0,5
BRF:14
BRH:8
end_of_record
TN:
SF:src\services\permission.service.ts
FN:14,(anonymous_8)
FN:56,(anonymous_10)
FN:71,(anonymous_12)
FN:87,(anonymous_13)
FN:93,(anonymous_15)
FN:130,(anonymous_17)
FN:143,(anonymous_19)
FNF:7
FNH:7
FNDA:3,(anonymous_8)
FNDA:1,(anonymous_10)
FNDA:2,(anonymous_12)
FNDA:1,(anonymous_13)
FNDA:2,(anonymous_15)
FNDA:1,(anonymous_17)
FNDA:1,(anonymous_19)
DA:1,2
DA:2,2
DA:4,2
DA:20,3
DA:22,3
DA:23,3
DA:24,0
DA:25,0
DA:28,3
DA:29,3
DA:30,0
DA:31,0
DA:34,3
DA:36,3
DA:37,2
DA:38,2
DA:39,2
DA:41,1
DA:42,1
DA:50,3
DA:51,3
DA:53,3
DA:61,1
DA:63,1
DA:65,1
DA:66,0
DA:67,0
DA:70,1
DA:71,2
DA:74,1
DA:75,0
DA:76,0
DA:77,0
DA:80,1
DA:81,1
DA:82,1
DA:84,1
DA:88,1
DA:89,1
DA:90,1
DA:99,2
DA:101,2
DA:104,2
DA:109,2
DA:112,2
DA:121,1
DA:123,1
DA:131,1
DA:132,1
DA:139,1
DA:140,1
DA:144,1
DA:145,1
DA:149,1
DA:150,1
DA:154,2
LF:56
LH:47
BRDA:23,0,0,0
BRDA:29,1,0,0
BRDA:36,2,0,2
BRDA:36,2,1,1
BRDA:65,3,0,0
BRDA:74,4,0,0
BRDA:90,5,0,0
BRDA:90,5,1,1
BRF:8
BRH:3
end_of_record
